<?xml version="1.0" encoding="UTF-8"?>
<testsuite xmlns:xsi="http://www.w3.org/2001/XMLSchema-instance" xsi:noNamespaceSchemaLocation="https://maven.apache.org/surefire/maven-surefire-plugin/xsd/surefire-test-report-3.0.xsd" version="3.0" name="com.mvn.JenkinsDemo.TestWorking" time="0.001" tests="4" errors="0" skipped="0" failures="0">
  <properties>
[...]
</properties>
  <testcase name="testAddLogin1" classname="com.mvn.JenkinsDemo.TestWorking" time="0.0"/>
  <testcase name="testAddLogin2" classname="com.mvn.JenkinsDemo.TestWorking" time="0.0"/>
  <testcase name="testAddToLog1" classname="com.mvn.JenkinsDemo.TestWorking" time="0.0"/>
  <testcase name="testAddToLog2" classname="com.mvn.JenkinsDemo.TestWorking" time="0.0"/>
</testsuite>